2024-09-06T00:00:23.899+03:00  INFO 20008 --- [scheduling-1] c.e.Ecommerce.aspect.LoggingAspect       : Entering method: isQueueEmpty
2024-09-06T00:00:24.144+03:00  INFO 20008 --- [scheduling-1] c.e.Ecommerce.aspect.LoggingAspect       : Method isQueueEmpty completed successfully with result: true
2024-09-06T00:00:24.144+03:00  INFO 20008 --- [scheduling-1] c.e.Ecommerce.aspect.LoggingAspect       : Exiting method: isQueueEmpty
2024-09-06T00:00:24.144+03:00  INFO 20008 --- [scheduling-1] c.e.Ecommerce.aspect.LoggingAspect       : Method isQueueEmpty completed successfully in 245 ms with result: true
2024-09-06T00:00:58.900+03:00  INFO 20008 --- [scheduling-1] c.e.Ecommerce.aspect.LoggingAspect       : Entering method: isQueueEmpty
2024-09-06T00:00:58.905+03:00  INFO 20008 --- [scheduling-1] c.e.Ecommerce.aspect.LoggingAspect       : Method isQueueEmpty completed successfully with result: true
2024-09-06T00:00:58.905+03:00  INFO 20008 --- [scheduling-1] c.e.Ecommerce.aspect.LoggingAspect       : Exiting method: isQueueEmpty
2024-09-06T00:00:58.905+03:00  INFO 20008 --- [scheduling-1] c.e.Ecommerce.aspect.LoggingAspect       : Method isQueueEmpty completed successfully in 5 ms with result: true
2024-09-06T00:01:33.899+03:00  INFO 20008 --- [scheduling-1] c.e.Ecommerce.aspect.LoggingAspect       : Entering method: isQueueEmpty
2024-09-06T00:01:33.900+03:00  INFO 20008 --- [scheduling-1] c.e.Ecommerce.aspect.LoggingAspect       : Method isQueueEmpty completed successfully with result: true
2024-09-06T00:01:33.900+03:00  INFO 20008 --- [scheduling-1] c.e.Ecommerce.aspect.LoggingAspect       : Exiting method: isQueueEmpty
2024-09-06T00:01:33.900+03:00  INFO 20008 --- [scheduling-1] c.e.Ecommerce.aspect.LoggingAspect       : Method isQueueEmpty completed successfully in 1 ms with result: true
2024-09-06T00:02:08.898+03:00  INFO 20008 --- [scheduling-1] c.e.Ecommerce.aspect.LoggingAspect       : Entering method: isQueueEmpty
2024-09-06T00:02:08.899+03:00  INFO 20008 --- [scheduling-1] c.e.Ecommerce.aspect.LoggingAspect       : Method isQueueEmpty completed successfully with result: true
2024-09-06T00:02:08.900+03:00  INFO 20008 --- [scheduling-1] c.e.Ecommerce.aspect.LoggingAspect       : Exiting method: isQueueEmpty
2024-09-06T00:02:08.900+03:00  INFO 20008 --- [scheduling-1] c.e.Ecommerce.aspect.LoggingAspect       : Method isQueueEmpty completed successfully in 2 ms with result: true
2024-09-06T00:02:43.898+03:00  INFO 20008 --- [scheduling-1] c.e.Ecommerce.aspect.LoggingAspect       : Entering method: isQueueEmpty
2024-09-06T00:02:43.899+03:00  INFO 20008 --- [scheduling-1] c.e.Ecommerce.aspect.LoggingAspect       : Method isQueueEmpty completed successfully with result: true
2024-09-06T00:02:43.899+03:00  INFO 20008 --- [scheduling-1] c.e.Ecommerce.aspect.LoggingAspect       : Exiting method: isQueueEmpty
2024-09-06T00:02:43.899+03:00  INFO 20008 --- [scheduling-1] c.e.Ecommerce.aspect.LoggingAspect       : Method isQueueEmpty completed successfully in 1 ms with result: true
2024-09-06T00:03:18.898+03:00  INFO 20008 --- [scheduling-1] c.e.Ecommerce.aspect.LoggingAspect       : Entering method: isQueueEmpty
2024-09-06T00:03:18.899+03:00  INFO 20008 --- [scheduling-1] c.e.Ecommerce.aspect.LoggingAspect       : Method isQueueEmpty completed successfully with result: true
2024-09-06T00:03:18.900+03:00  INFO 20008 --- [scheduling-1] c.e.Ecommerce.aspect.LoggingAspect       : Exiting method: isQueueEmpty
2024-09-06T00:03:18.900+03:00  INFO 20008 --- [scheduling-1] c.e.Ecommerce.aspect.LoggingAspect       : Method isQueueEmpty completed successfully in 2 ms with result: true
2024-09-06T00:03:53.899+03:00  INFO 20008 --- [scheduling-1] c.e.Ecommerce.aspect.LoggingAspect       : Entering method: isQueueEmpty
2024-09-06T00:03:53.900+03:00  INFO 20008 --- [scheduling-1] c.e.Ecommerce.aspect.LoggingAspect       : Method isQueueEmpty completed successfully with result: true
2024-09-06T00:03:53.900+03:00  INFO 20008 --- [scheduling-1] c.e.Ecommerce.aspect.LoggingAspect       : Exiting method: isQueueEmpty
2024-09-06T00:03:53.900+03:00  INFO 20008 --- [scheduling-1] c.e.Ecommerce.aspect.LoggingAspect       : Method isQueueEmpty completed successfully in 1 ms with result: true
2024-09-06T00:04:28.899+03:00  INFO 20008 --- [scheduling-1] c.e.Ecommerce.aspect.LoggingAspect       : Entering method: isQueueEmpty
2024-09-06T00:04:28.900+03:00  INFO 20008 --- [scheduling-1] c.e.Ecommerce.aspect.LoggingAspect       : Method isQueueEmpty completed successfully with result: true
2024-09-06T00:04:28.901+03:00  INFO 20008 --- [scheduling-1] c.e.Ecommerce.aspect.LoggingAspect       : Exiting method: isQueueEmpty
2024-09-06T00:04:28.901+03:00  INFO 20008 --- [scheduling-1] c.e.Ecommerce.aspect.LoggingAspect       : Method isQueueEmpty completed successfully in 2 ms with result: true
2024-09-06T00:05:03.899+03:00  INFO 20008 --- [scheduling-1] c.e.Ecommerce.aspect.LoggingAspect       : Entering method: isQueueEmpty
2024-09-06T00:05:03.900+03:00  INFO 20008 --- [scheduling-1] c.e.Ecommerce.aspect.LoggingAspect       : Method isQueueEmpty completed successfully with result: true
2024-09-06T00:05:03.900+03:00  INFO 20008 --- [scheduling-1] c.e.Ecommerce.aspect.LoggingAspect       : Exiting method: isQueueEmpty
2024-09-06T00:05:03.900+03:00  INFO 20008 --- [scheduling-1] c.e.Ecommerce.aspect.LoggingAspect       : Method isQueueEmpty completed successfully in 1 ms with result: true
2024-09-06T00:05:38.898+03:00  INFO 20008 --- [scheduling-1] c.e.Ecommerce.aspect.LoggingAspect       : Entering method: isQueueEmpty
2024-09-06T00:05:38.899+03:00  INFO 20008 --- [scheduling-1] c.e.Ecommerce.aspect.LoggingAspect       : Method isQueueEmpty completed successfully with result: true
2024-09-06T00:05:38.899+03:00  INFO 20008 --- [scheduling-1] c.e.Ecommerce.aspect.LoggingAspect       : Exiting method: isQueueEmpty
2024-09-06T00:05:38.899+03:00  INFO 20008 --- [scheduling-1] c.e.Ecommerce.aspect.LoggingAspect       : Method isQueueEmpty completed successfully in 1 ms with result: true
2024-09-06T00:06:13.898+03:00  INFO 20008 --- [scheduling-1] c.e.Ecommerce.aspect.LoggingAspect       : Entering method: isQueueEmpty
2024-09-06T00:06:13.898+03:00  INFO 20008 --- [scheduling-1] c.e.Ecommerce.aspect.LoggingAspect       : Method isQueueEmpty completed successfully with result: true
2024-09-06T00:06:13.899+03:00  INFO 20008 --- [scheduling-1] c.e.Ecommerce.aspect.LoggingAspect       : Exiting method: isQueueEmpty
2024-09-06T00:06:13.899+03:00  INFO 20008 --- [scheduling-1] c.e.Ecommerce.aspect.LoggingAspect       : Method isQueueEmpty completed successfully in 1 ms with result: true
2024-09-06T00:06:48.899+03:00  INFO 20008 --- [scheduling-1] c.e.Ecommerce.aspect.LoggingAspect       : Entering method: isQueueEmpty
2024-09-06T00:06:48.900+03:00  INFO 20008 --- [scheduling-1] c.e.Ecommerce.aspect.LoggingAspect       : Method isQueueEmpty completed successfully with result: true
2024-09-06T00:06:48.901+03:00  INFO 20008 --- [scheduling-1] c.e.Ecommerce.aspect.LoggingAspect       : Exiting method: isQueueEmpty
2024-09-06T00:06:48.901+03:00  INFO 20008 --- [scheduling-1] c.e.Ecommerce.aspect.LoggingAspect       : Method isQueueEmpty completed successfully in 2 ms with result: true
2024-09-06T00:07:23.899+03:00  INFO 20008 --- [scheduling-1] c.e.Ecommerce.aspect.LoggingAspect       : Entering method: isQueueEmpty
2024-09-06T00:07:23.900+03:00  INFO 20008 --- [scheduling-1] c.e.Ecommerce.aspect.LoggingAspect       : Method isQueueEmpty completed successfully with result: true
2024-09-06T00:07:23.900+03:00  INFO 20008 --- [scheduling-1] c.e.Ecommerce.aspect.LoggingAspect       : Exiting method: isQueueEmpty
2024-09-06T00:07:23.900+03:00  INFO 20008 --- [scheduling-1] c.e.Ecommerce.aspect.LoggingAspect       : Method isQueueEmpty completed successfully in 1 ms with result: true
2024-09-06T00:07:58.899+03:00  INFO 20008 --- [scheduling-1] c.e.Ecommerce.aspect.LoggingAspect       : Entering method: isQueueEmpty
2024-09-06T00:07:58.900+03:00  INFO 20008 --- [scheduling-1] c.e.Ecommerce.aspect.LoggingAspect       : Method isQueueEmpty completed successfully with result: true
2024-09-06T00:07:58.900+03:00  INFO 20008 --- [scheduling-1] c.e.Ecommerce.aspect.LoggingAspect       : Exiting method: isQueueEmpty
2024-09-06T00:07:58.900+03:00  INFO 20008 --- [scheduling-1] c.e.Ecommerce.aspect.LoggingAspect       : Method isQueueEmpty completed successfully in 2 ms with result: true
2024-09-06T00:08:33.899+03:00  INFO 20008 --- [scheduling-1] c.e.Ecommerce.aspect.LoggingAspect       : Entering method: isQueueEmpty
2024-09-06T00:08:33.901+03:00  INFO 20008 --- [scheduling-1] c.e.Ecommerce.aspect.LoggingAspect       : Method isQueueEmpty completed successfully with result: true
2024-09-06T00:08:33.902+03:00  INFO 20008 --- [scheduling-1] c.e.Ecommerce.aspect.LoggingAspect       : Exiting method: isQueueEmpty
2024-09-06T00:08:33.902+03:00  INFO 20008 --- [scheduling-1] c.e.Ecommerce.aspect.LoggingAspect       : Method isQueueEmpty completed successfully in 3 ms with result: true
2024-09-06T00:09:08.898+03:00  INFO 20008 --- [scheduling-1] c.e.Ecommerce.aspect.LoggingAspect       : Entering method: isQueueEmpty
2024-09-06T00:09:08.899+03:00  INFO 20008 --- [scheduling-1] c.e.Ecommerce.aspect.LoggingAspect       : Method isQueueEmpty completed successfully with result: true
2024-09-06T00:09:08.899+03:00  INFO 20008 --- [scheduling-1] c.e.Ecommerce.aspect.LoggingAspect       : Exiting method: isQueueEmpty
2024-09-06T00:09:08.899+03:00  INFO 20008 --- [scheduling-1] c.e.Ecommerce.aspect.LoggingAspect       : Method isQueueEmpty completed successfully in 1 ms with result: true
2024-09-06T00:09:43.898+03:00  INFO 20008 --- [scheduling-1] c.e.Ecommerce.aspect.LoggingAspect       : Entering method: isQueueEmpty
2024-09-06T00:09:43.898+03:00  INFO 20008 --- [scheduling-1] c.e.Ecommerce.aspect.LoggingAspect       : Method isQueueEmpty completed successfully with result: true
2024-09-06T00:09:43.899+03:00  INFO 20008 --- [scheduling-1] c.e.Ecommerce.aspect.LoggingAspect       : Exiting method: isQueueEmpty
2024-09-06T00:09:43.899+03:00  INFO 20008 --- [scheduling-1] c.e.Ecommerce.aspect.LoggingAspect       : Method isQueueEmpty completed successfully in 1 ms with result: true
2024-09-06T00:10:18.898+03:00  INFO 20008 --- [scheduling-1] c.e.Ecommerce.aspect.LoggingAspect       : Entering method: isQueueEmpty
2024-09-06T00:10:18.899+03:00  INFO 20008 --- [scheduling-1] c.e.Ecommerce.aspect.LoggingAspect       : Method isQueueEmpty completed successfully with result: true
2024-09-06T00:10:18.899+03:00  INFO 20008 --- [scheduling-1] c.e.Ecommerce.aspect.LoggingAspect       : Exiting method: isQueueEmpty
2024-09-06T00:10:18.899+03:00  INFO 20008 --- [scheduling-1] c.e.Ecommerce.aspect.LoggingAspect       : Method isQueueEmpty completed successfully in 1 ms with result: true
2024-09-06T00:10:53.898+03:00  INFO 20008 --- [scheduling-1] c.e.Ecommerce.aspect.LoggingAspect       : Entering method: isQueueEmpty
2024-09-06T00:10:53.900+03:00  INFO 20008 --- [scheduling-1] c.e.Ecommerce.aspect.LoggingAspect       : Method isQueueEmpty completed successfully with result: true
2024-09-06T00:10:53.900+03:00  INFO 20008 --- [scheduling-1] c.e.Ecommerce.aspect.LoggingAspect       : Exiting method: isQueueEmpty
2024-09-06T00:10:53.900+03:00  INFO 20008 --- [scheduling-1] c.e.Ecommerce.aspect.LoggingAspect       : Method isQueueEmpty completed successfully in 2 ms with result: true
2024-09-06T00:11:28.898+03:00  INFO 20008 --- [scheduling-1] c.e.Ecommerce.aspect.LoggingAspect       : Entering method: isQueueEmpty
2024-09-06T00:11:28.899+03:00  INFO 20008 --- [scheduling-1] c.e.Ecommerce.aspect.LoggingAspect       : Method isQueueEmpty completed successfully with result: true
2024-09-06T00:11:28.899+03:00  INFO 20008 --- [scheduling-1] c.e.Ecommerce.aspect.LoggingAspect       : Exiting method: isQueueEmpty
2024-09-06T00:11:28.899+03:00  INFO 20008 --- [scheduling-1] c.e.Ecommerce.aspect.LoggingAspect       : Method isQueueEmpty completed successfully in 1 ms with result: true
2024-09-06T00:12:03.899+03:00  INFO 20008 --- [scheduling-1] c.e.Ecommerce.aspect.LoggingAspect       : Entering method: isQueueEmpty
2024-09-06T00:12:03.900+03:00  INFO 20008 --- [scheduling-1] c.e.Ecommerce.aspect.LoggingAspect       : Method isQueueEmpty completed successfully with result: true
2024-09-06T00:12:03.900+03:00  INFO 20008 --- [scheduling-1] c.e.Ecommerce.aspect.LoggingAspect       : Exiting method: isQueueEmpty
2024-09-06T00:12:03.900+03:00  INFO 20008 --- [scheduling-1] c.e.Ecommerce.aspect.LoggingAspect       : Method isQueueEmpty completed successfully in 1 ms with result: true
2024-09-06T00:12:38.898+03:00  INFO 20008 --- [scheduling-1] c.e.Ecommerce.aspect.LoggingAspect       : Entering method: isQueueEmpty
2024-09-06T00:12:38.899+03:00  INFO 20008 --- [scheduling-1] c.e.Ecommerce.aspect.LoggingAspect       : Method isQueueEmpty completed successfully with result: true
2024-09-06T00:12:38.899+03:00  INFO 20008 --- [scheduling-1] c.e.Ecommerce.aspect.LoggingAspect       : Exiting method: isQueueEmpty
2024-09-06T00:12:38.899+03:00  INFO 20008 --- [scheduling-1] c.e.Ecommerce.aspect.LoggingAspect       : Method isQueueEmpty completed successfully in 1 ms with result: true
2024-09-06T00:13:13.899+03:00  INFO 20008 --- [scheduling-1] c.e.Ecommerce.aspect.LoggingAspect       : Entering method: isQueueEmpty
2024-09-06T00:13:13.900+03:00  INFO 20008 --- [scheduling-1] c.e.Ecommerce.aspect.LoggingAspect       : Method isQueueEmpty completed successfully with result: true
2024-09-06T00:13:13.900+03:00  INFO 20008 --- [scheduling-1] c.e.Ecommerce.aspect.LoggingAspect       : Exiting method: isQueueEmpty
2024-09-06T00:13:13.900+03:00  INFO 20008 --- [scheduling-1] c.e.Ecommerce.aspect.LoggingAspect       : Method isQueueEmpty completed successfully in 1 ms with result: true
2024-09-06T00:13:48.899+03:00  INFO 20008 --- [scheduling-1] c.e.Ecommerce.aspect.LoggingAspect       : Entering method: isQueueEmpty
2024-09-06T00:13:48.900+03:00  INFO 20008 --- [scheduling-1] c.e.Ecommerce.aspect.LoggingAspect       : Method isQueueEmpty completed successfully with result: true
2024-09-06T00:13:48.900+03:00  INFO 20008 --- [scheduling-1] c.e.Ecommerce.aspect.LoggingAspect       : Exiting method: isQueueEmpty
2024-09-06T00:13:48.900+03:00  INFO 20008 --- [scheduling-1] c.e.Ecommerce.aspect.LoggingAspect       : Method isQueueEmpty completed successfully in 1 ms with result: true
2024-09-06T00:14:23.898+03:00  INFO 20008 --- [scheduling-1] c.e.Ecommerce.aspect.LoggingAspect       : Entering method: isQueueEmpty
2024-09-06T00:14:23.898+03:00  INFO 20008 --- [scheduling-1] c.e.Ecommerce.aspect.LoggingAspect       : Method isQueueEmpty completed successfully with result: true
2024-09-06T00:14:23.899+03:00  INFO 20008 --- [scheduling-1] c.e.Ecommerce.aspect.LoggingAspect       : Exiting method: isQueueEmpty
2024-09-06T00:14:23.899+03:00  INFO 20008 --- [scheduling-1] c.e.Ecommerce.aspect.LoggingAspect       : Method isQueueEmpty completed successfully in 1 ms with result: true
2024-09-06T00:14:58.898+03:00  INFO 20008 --- [scheduling-1] c.e.Ecommerce.aspect.LoggingAspect       : Entering method: isQueueEmpty
2024-09-06T00:14:58.899+03:00  INFO 20008 --- [scheduling-1] c.e.Ecommerce.aspect.LoggingAspect       : Method isQueueEmpty completed successfully with result: true
2024-09-06T00:14:58.899+03:00  INFO 20008 --- [scheduling-1] c.e.Ecommerce.aspect.LoggingAspect       : Exiting method: isQueueEmpty
2024-09-06T00:14:58.899+03:00  INFO 20008 --- [scheduling-1] c.e.Ecommerce.aspect.LoggingAspect       : Method isQueueEmpty completed successfully in 1 ms with result: true
2024-09-06T00:15:33.898+03:00  INFO 20008 --- [scheduling-1] c.e.Ecommerce.aspect.LoggingAspect       : Entering method: isQueueEmpty
2024-09-06T00:15:33.898+03:00  INFO 20008 --- [scheduling-1] c.e.Ecommerce.aspect.LoggingAspect       : Method isQueueEmpty completed successfully with result: true
2024-09-06T00:15:33.899+03:00  INFO 20008 --- [scheduling-1] c.e.Ecommerce.aspect.LoggingAspect       : Exiting method: isQueueEmpty
2024-09-06T00:15:33.899+03:00  INFO 20008 --- [scheduling-1] c.e.Ecommerce.aspect.LoggingAspect       : Method isQueueEmpty completed successfully in 1 ms with result: true
2024-09-06T00:16:08.898+03:00  INFO 20008 --- [scheduling-1] c.e.Ecommerce.aspect.LoggingAspect       : Entering method: isQueueEmpty
2024-09-06T00:16:08.899+03:00  INFO 20008 --- [scheduling-1] c.e.Ecommerce.aspect.LoggingAspect       : Method isQueueEmpty completed successfully with result: true
2024-09-06T00:16:08.899+03:00  INFO 20008 --- [scheduling-1] c.e.Ecommerce.aspect.LoggingAspect       : Exiting method: isQueueEmpty
2024-09-06T00:16:08.899+03:00  INFO 20008 --- [scheduling-1] c.e.Ecommerce.aspect.LoggingAspect       : Method isQueueEmpty completed successfully in 1 ms with result: true
2024-09-06T00:16:43.899+03:00  INFO 20008 --- [scheduling-1] c.e.Ecommerce.aspect.LoggingAspect       : Entering method: isQueueEmpty
2024-09-06T00:16:43.899+03:00  INFO 20008 --- [scheduling-1] c.e.Ecommerce.aspect.LoggingAspect       : Method isQueueEmpty completed successfully with result: true
2024-09-06T00:16:43.900+03:00  INFO 20008 --- [scheduling-1] c.e.Ecommerce.aspect.LoggingAspect       : Exiting method: isQueueEmpty
2024-09-06T00:16:43.900+03:00  INFO 20008 --- [scheduling-1] c.e.Ecommerce.aspect.LoggingAspect       : Method isQueueEmpty completed successfully in 1 ms with result: true
2024-09-06T00:17:18.898+03:00  INFO 20008 --- [scheduling-1] c.e.Ecommerce.aspect.LoggingAspect       : Entering method: isQueueEmpty
2024-09-06T00:17:18.903+03:00  INFO 20008 --- [scheduling-1] c.e.Ecommerce.aspect.LoggingAspect       : Method isQueueEmpty completed successfully with result: true
2024-09-06T00:17:18.903+03:00  INFO 20008 --- [scheduling-1] c.e.Ecommerce.aspect.LoggingAspect       : Exiting method: isQueueEmpty
2024-09-06T00:17:18.903+03:00  INFO 20008 --- [scheduling-1] c.e.Ecommerce.aspect.LoggingAspect       : Method isQueueEmpty completed successfully in 5 ms with result: true
2024-09-06T00:17:53.899+03:00  INFO 20008 --- [scheduling-1] c.e.Ecommerce.aspect.LoggingAspect       : Entering method: isQueueEmpty
2024-09-06T00:17:53.899+03:00  INFO 20008 --- [scheduling-1] c.e.Ecommerce.aspect.LoggingAspect       : Method isQueueEmpty completed successfully with result: true
2024-09-06T00:17:53.900+03:00  INFO 20008 --- [scheduling-1] c.e.Ecommerce.aspect.LoggingAspect       : Exiting method: isQueueEmpty
2024-09-06T00:17:53.900+03:00  INFO 20008 --- [scheduling-1] c.e.Ecommerce.aspect.LoggingAspect       : Method isQueueEmpty completed successfully in 1 ms with result: true
2024-09-06T00:18:28.899+03:00  INFO 20008 --- [scheduling-1] c.e.Ecommerce.aspect.LoggingAspect       : Entering method: isQueueEmpty
2024-09-06T00:18:28.900+03:00  INFO 20008 --- [scheduling-1] c.e.Ecommerce.aspect.LoggingAspect       : Method isQueueEmpty completed successfully with result: true
2024-09-06T00:18:28.900+03:00  INFO 20008 --- [scheduling-1] c.e.Ecommerce.aspect.LoggingAspect       : Exiting method: isQueueEmpty
2024-09-06T00:18:28.900+03:00  INFO 20008 --- [scheduling-1] c.e.Ecommerce.aspect.LoggingAspect       : Method isQueueEmpty completed successfully in 1 ms with result: true
2024-09-06T00:19:03.898+03:00  INFO 20008 --- [scheduling-1] c.e.Ecommerce.aspect.LoggingAspect       : Entering method: isQueueEmpty
2024-09-06T00:19:03.898+03:00  INFO 20008 --- [scheduling-1] c.e.Ecommerce.aspect.LoggingAspect       : Method isQueueEmpty completed successfully with result: true
2024-09-06T00:19:03.899+03:00  INFO 20008 --- [scheduling-1] c.e.Ecommerce.aspect.LoggingAspect       : Exiting method: isQueueEmpty
2024-09-06T00:19:03.899+03:00  INFO 20008 --- [scheduling-1] c.e.Ecommerce.aspect.LoggingAspect       : Method isQueueEmpty completed successfully in 1 ms with result: true
2024-09-06T00:19:38.898+03:00  INFO 20008 --- [scheduling-1] c.e.Ecommerce.aspect.LoggingAspect       : Entering method: isQueueEmpty
2024-09-06T00:19:38.900+03:00  INFO 20008 --- [scheduling-1] c.e.Ecommerce.aspect.LoggingAspect       : Method isQueueEmpty completed successfully with result: true
2024-09-06T00:19:38.900+03:00  INFO 20008 --- [scheduling-1] c.e.Ecommerce.aspect.LoggingAspect       : Exiting method: isQueueEmpty
2024-09-06T00:19:38.900+03:00  INFO 20008 --- [scheduling-1] c.e.Ecommerce.aspect.LoggingAspect       : Method isQueueEmpty completed successfully in 2 ms with result: true
2024-09-06T00:20:13.898+03:00  INFO 20008 --- [scheduling-1] c.e.Ecommerce.aspect.LoggingAspect       : Entering method: isQueueEmpty
2024-09-06T00:20:13.899+03:00  INFO 20008 --- [scheduling-1] c.e.Ecommerce.aspect.LoggingAspect       : Method isQueueEmpty completed successfully with result: true
2024-09-06T00:20:13.899+03:00  INFO 20008 --- [scheduling-1] c.e.Ecommerce.aspect.LoggingAspect       : Exiting method: isQueueEmpty
2024-09-06T00:20:13.899+03:00  INFO 20008 --- [scheduling-1] c.e.Ecommerce.aspect.LoggingAspect       : Method isQueueEmpty completed successfully in 1 ms with result: true
2024-09-06T00:20:48.899+03:00  INFO 20008 --- [scheduling-1] c.e.Ecommerce.aspect.LoggingAspect       : Entering method: isQueueEmpty
2024-09-06T00:20:48.900+03:00  INFO 20008 --- [scheduling-1] c.e.Ecommerce.aspect.LoggingAspect       : Method isQueueEmpty completed successfully with result: true
2024-09-06T00:20:48.900+03:00  INFO 20008 --- [scheduling-1] c.e.Ecommerce.aspect.LoggingAspect       : Exiting method: isQueueEmpty
2024-09-06T00:20:48.900+03:00  INFO 20008 --- [scheduling-1] c.e.Ecommerce.aspect.LoggingAspect       : Method isQueueEmpty completed successfully in 1 ms with result: true
2024-09-06T00:21:23.898+03:00  INFO 20008 --- [scheduling-1] c.e.Ecommerce.aspect.LoggingAspect       : Entering method: isQueueEmpty
2024-09-06T00:21:23.898+03:00  INFO 20008 --- [scheduling-1] c.e.Ecommerce.aspect.LoggingAspect       : Method isQueueEmpty completed successfully with result: true
2024-09-06T00:21:23.898+03:00  INFO 20008 --- [scheduling-1] c.e.Ecommerce.aspect.LoggingAspect       : Exiting method: isQueueEmpty
2024-09-06T00:21:23.899+03:00  INFO 20008 --- [scheduling-1] c.e.Ecommerce.aspect.LoggingAspect       : Method isQueueEmpty completed successfully in 1 ms with result: true
2024-09-06T00:21:58.898+03:00  INFO 20008 --- [scheduling-1] c.e.Ecommerce.aspect.LoggingAspect       : Entering method: isQueueEmpty
2024-09-06T00:21:58.899+03:00  INFO 20008 --- [scheduling-1] c.e.Ecommerce.aspect.LoggingAspect       : Method isQueueEmpty completed successfully with result: true
2024-09-06T00:21:58.899+03:00  INFO 20008 --- [scheduling-1] c.e.Ecommerce.aspect.LoggingAspect       : Exiting method: isQueueEmpty
2024-09-06T00:21:58.900+03:00  INFO 20008 --- [scheduling-1] c.e.Ecommerce.aspect.LoggingAspect       : Method isQueueEmpty completed successfully in 2 ms with result: true
2024-09-06T00:22:33.898+03:00  INFO 20008 --- [scheduling-1] c.e.Ecommerce.aspect.LoggingAspect       : Entering method: isQueueEmpty
2024-09-06T00:22:33.902+03:00  INFO 20008 --- [scheduling-1] c.e.Ecommerce.aspect.LoggingAspect       : Method isQueueEmpty completed successfully with result: true
2024-09-06T00:22:33.902+03:00  INFO 20008 --- [scheduling-1] c.e.Ecommerce.aspect.LoggingAspect       : Exiting method: isQueueEmpty
2024-09-06T00:22:33.902+03:00  INFO 20008 --- [scheduling-1] c.e.Ecommerce.aspect.LoggingAspect       : Method isQueueEmpty completed successfully in 4 ms with result: true
2024-09-06T00:23:08.898+03:00  INFO 20008 --- [scheduling-1] c.e.Ecommerce.aspect.LoggingAspect       : Entering method: isQueueEmpty
2024-09-06T00:23:08.899+03:00  INFO 20008 --- [scheduling-1] c.e.Ecommerce.aspect.LoggingAspect       : Method isQueueEmpty completed successfully with result: true
2024-09-06T00:23:08.899+03:00  INFO 20008 --- [scheduling-1] c.e.Ecommerce.aspect.LoggingAspect       : Exiting method: isQueueEmpty
2024-09-06T00:23:08.899+03:00  INFO 20008 --- [scheduling-1] c.e.Ecommerce.aspect.LoggingAspect       : Method isQueueEmpty completed successfully in 1 ms with result: true
2024-09-06T00:23:43.898+03:00  INFO 20008 --- [scheduling-1] c.e.Ecommerce.aspect.LoggingAspect       : Entering method: isQueueEmpty
2024-09-06T00:23:43.898+03:00  INFO 20008 --- [scheduling-1] c.e.Ecommerce.aspect.LoggingAspect       : Method isQueueEmpty completed successfully with result: true
2024-09-06T00:23:43.898+03:00  INFO 20008 --- [scheduling-1] c.e.Ecommerce.aspect.LoggingAspect       : Exiting method: isQueueEmpty
2024-09-06T00:23:43.899+03:00  INFO 20008 --- [scheduling-1] c.e.Ecommerce.aspect.LoggingAspect       : Method isQueueEmpty completed successfully in 1 ms with result: true
2024-09-06T00:24:18.898+03:00  INFO 20008 --- [scheduling-1] c.e.Ecommerce.aspect.LoggingAspect       : Entering method: isQueueEmpty
2024-09-06T00:24:18.899+03:00  INFO 20008 --- [scheduling-1] c.e.Ecommerce.aspect.LoggingAspect       : Method isQueueEmpty completed successfully with result: true
2024-09-06T00:24:18.899+03:00  INFO 20008 --- [scheduling-1] c.e.Ecommerce.aspect.LoggingAspect       : Exiting method: isQueueEmpty
2024-09-06T00:24:18.899+03:00  INFO 20008 --- [scheduling-1] c.e.Ecommerce.aspect.LoggingAspect       : Method isQueueEmpty completed successfully in 1 ms with result: true
2024-09-06T00:24:53.898+03:00  INFO 20008 --- [scheduling-1] c.e.Ecommerce.aspect.LoggingAspect       : Entering method: isQueueEmpty
2024-09-06T00:24:53.898+03:00  INFO 20008 --- [scheduling-1] c.e.Ecommerce.aspect.LoggingAspect       : Method isQueueEmpty completed successfully with result: true
2024-09-06T00:24:53.898+03:00  INFO 20008 --- [scheduling-1] c.e.Ecommerce.aspect.LoggingAspect       : Exiting method: isQueueEmpty
2024-09-06T00:24:53.902+03:00  INFO 20008 --- [scheduling-1] c.e.Ecommerce.aspect.LoggingAspect       : Method isQueueEmpty completed successfully in 4 ms with result: true
2024-09-06T00:25:28.898+03:00  INFO 20008 --- [scheduling-1] c.e.Ecommerce.aspect.LoggingAspect       : Entering method: isQueueEmpty
2024-09-06T00:25:28.899+03:00  INFO 20008 --- [scheduling-1] c.e.Ecommerce.aspect.LoggingAspect       : Method isQueueEmpty completed successfully with result: true
2024-09-06T00:25:28.899+03:00  INFO 20008 --- [scheduling-1] c.e.Ecommerce.aspect.LoggingAspect       : Exiting method: isQueueEmpty
2024-09-06T00:25:28.899+03:00  INFO 20008 --- [scheduling-1] c.e.Ecommerce.aspect.LoggingAspect       : Method isQueueEmpty completed successfully in 1 ms with result: true
2024-09-06T00:26:03.899+03:00  INFO 20008 --- [scheduling-1] c.e.Ecommerce.aspect.LoggingAspect       : Entering method: isQueueEmpty
2024-09-06T00:26:03.899+03:00  INFO 20008 --- [scheduling-1] c.e.Ecommerce.aspect.LoggingAspect       : Method isQueueEmpty completed successfully with result: true
2024-09-06T00:26:03.899+03:00  INFO 20008 --- [scheduling-1] c.e.Ecommerce.aspect.LoggingAspect       : Exiting method: isQueueEmpty
2024-09-06T00:26:03.900+03:00  INFO 20008 --- [scheduling-1] c.e.Ecommerce.aspect.LoggingAspect       : Method isQueueEmpty completed successfully in 1 ms with result: true
2024-09-06T00:26:38.899+03:00  INFO 20008 --- [scheduling-1] c.e.Ecommerce.aspect.LoggingAspect       : Entering method: isQueueEmpty
2024-09-06T00:26:38.900+03:00  INFO 20008 --- [scheduling-1] c.e.Ecommerce.aspect.LoggingAspect       : Method isQueueEmpty completed successfully with result: true
2024-09-06T00:26:38.900+03:00  INFO 20008 --- [scheduling-1] c.e.Ecommerce.aspect.LoggingAspect       : Exiting method: isQueueEmpty
2024-09-06T00:26:38.901+03:00  INFO 20008 --- [scheduling-1] c.e.Ecommerce.aspect.LoggingAspect       : Method isQueueEmpty completed successfully in 2 ms with result: true
2024-09-06T00:27:13.899+03:00  INFO 20008 --- [scheduling-1] c.e.Ecommerce.aspect.LoggingAspect       : Entering method: isQueueEmpty
2024-09-06T00:27:13.899+03:00  INFO 20008 --- [scheduling-1] c.e.Ecommerce.aspect.LoggingAspect       : Method isQueueEmpty completed successfully with result: true
2024-09-06T00:27:13.899+03:00  INFO 20008 --- [scheduling-1] c.e.Ecommerce.aspect.LoggingAspect       : Exiting method: isQueueEmpty
2024-09-06T00:27:13.899+03:00  INFO 20008 --- [scheduling-1] c.e.Ecommerce.aspect.LoggingAspect       : Method isQueueEmpty completed successfully in 0 ms with result: true
2024-09-06T00:27:48.898+03:00  INFO 20008 --- [scheduling-1] c.e.Ecommerce.aspect.LoggingAspect       : Entering method: isQueueEmpty
2024-09-06T00:27:48.900+03:00  INFO 20008 --- [scheduling-1] c.e.Ecommerce.aspect.LoggingAspect       : Method isQueueEmpty completed successfully with result: true
2024-09-06T00:27:48.900+03:00  INFO 20008 --- [scheduling-1] c.e.Ecommerce.aspect.LoggingAspect       : Exiting method: isQueueEmpty
2024-09-06T00:27:48.900+03:00  INFO 20008 --- [scheduling-1] c.e.Ecommerce.aspect.LoggingAspect       : Method isQueueEmpty completed successfully in 2 ms with result: true
2024-09-06T00:28:23.898+03:00  INFO 20008 --- [scheduling-1] c.e.Ecommerce.aspect.LoggingAspect       : Entering method: isQueueEmpty
2024-09-06T00:28:23.898+03:00  INFO 20008 --- [scheduling-1] c.e.Ecommerce.aspect.LoggingAspect       : Method isQueueEmpty completed successfully with result: true
2024-09-06T00:28:23.899+03:00  INFO 20008 --- [scheduling-1] c.e.Ecommerce.aspect.LoggingAspect       : Exiting method: isQueueEmpty
2024-09-06T00:28:23.899+03:00  INFO 20008 --- [scheduling-1] c.e.Ecommerce.aspect.LoggingAspect       : Method isQueueEmpty completed successfully in 1 ms with result: true
2024-09-06T00:28:58.899+03:00  INFO 20008 --- [scheduling-1] c.e.Ecommerce.aspect.LoggingAspect       : Entering method: isQueueEmpty
2024-09-06T00:28:58.900+03:00  INFO 20008 --- [scheduling-1] c.e.Ecommerce.aspect.LoggingAspect       : Method isQueueEmpty completed successfully with result: true
2024-09-06T00:28:58.900+03:00  INFO 20008 --- [scheduling-1] c.e.Ecommerce.aspect.LoggingAspect       : Exiting method: isQueueEmpty
2024-09-06T00:28:58.900+03:00  INFO 20008 --- [scheduling-1] c.e.Ecommerce.aspect.LoggingAspect       : Method isQueueEmpty completed successfully in 1 ms with result: true
2024-09-06T00:29:33.899+03:00  INFO 20008 --- [scheduling-1] c.e.Ecommerce.aspect.LoggingAspect       : Entering method: isQueueEmpty
2024-09-06T00:29:33.899+03:00  INFO 20008 --- [scheduling-1] c.e.Ecommerce.aspect.LoggingAspect       : Method isQueueEmpty completed successfully with result: true
2024-09-06T00:29:33.899+03:00  INFO 20008 --- [scheduling-1] c.e.Ecommerce.aspect.LoggingAspect       : Exiting method: isQueueEmpty
2024-09-06T00:29:33.900+03:00  INFO 20008 --- [scheduling-1] c.e.Ecommerce.aspect.LoggingAspect       : Method isQueueEmpty completed successfully in 1 ms with result: true
2024-09-06T00:30:08.899+03:00  INFO 20008 --- [scheduling-1] c.e.Ecommerce.aspect.LoggingAspect       : Entering method: isQueueEmpty
2024-09-06T00:30:08.900+03:00  INFO 20008 --- [scheduling-1] c.e.Ecommerce.aspect.LoggingAspect       : Method isQueueEmpty completed successfully with result: true
2024-09-06T00:30:08.900+03:00  INFO 20008 --- [scheduling-1] c.e.Ecommerce.aspect.LoggingAspect       : Exiting method: isQueueEmpty
2024-09-06T00:30:08.900+03:00  INFO 20008 --- [scheduling-1] c.e.Ecommerce.aspect.LoggingAspect       : Method isQueueEmpty completed successfully in 1 ms with result: true
2024-09-06T00:30:43.899+03:00  INFO 20008 --- [scheduling-1] c.e.Ecommerce.aspect.LoggingAspect       : Entering method: isQueueEmpty
2024-09-06T00:30:43.900+03:00  INFO 20008 --- [scheduling-1] c.e.Ecommerce.aspect.LoggingAspect       : Method isQueueEmpty completed successfully with result: true
2024-09-06T00:30:43.900+03:00  INFO 20008 --- [scheduling-1] c.e.Ecommerce.aspect.LoggingAspect       : Exiting method: isQueueEmpty
2024-09-06T00:30:43.900+03:00  INFO 20008 --- [scheduling-1] c.e.Ecommerce.aspect.LoggingAspect       : Method isQueueEmpty completed successfully in 1 ms with result: true
2024-09-06T00:31:18.899+03:00  INFO 20008 --- [scheduling-1] c.e.Ecommerce.aspect.LoggingAspect       : Entering method: isQueueEmpty
2024-09-06T00:31:18.900+03:00  INFO 20008 --- [scheduling-1] c.e.Ecommerce.aspect.LoggingAspect       : Method isQueueEmpty completed successfully with result: true
2024-09-06T00:31:18.903+03:00  INFO 20008 --- [scheduling-1] c.e.Ecommerce.aspect.LoggingAspect       : Exiting method: isQueueEmpty
2024-09-06T00:31:18.903+03:00  INFO 20008 --- [scheduling-1] c.e.Ecommerce.aspect.LoggingAspect       : Method isQueueEmpty completed successfully in 4 ms with result: true
2024-09-06T00:31:53.899+03:00  INFO 20008 --- [scheduling-1] c.e.Ecommerce.aspect.LoggingAspect       : Entering method: isQueueEmpty
2024-09-06T00:31:53.899+03:00  INFO 20008 --- [scheduling-1] c.e.Ecommerce.aspect.LoggingAspect       : Method isQueueEmpty completed successfully with result: true
2024-09-06T00:31:53.900+03:00  INFO 20008 --- [scheduling-1] c.e.Ecommerce.aspect.LoggingAspect       : Exiting method: isQueueEmpty
2024-09-06T00:31:53.900+03:00  INFO 20008 --- [scheduling-1] c.e.Ecommerce.aspect.LoggingAspect       : Method isQueueEmpty completed successfully in 1 ms with result: true
2024-09-06T00:32:28.900+03:00  INFO 20008 --- [scheduling-1] c.e.Ecommerce.aspect.LoggingAspect       : Entering method: isQueueEmpty
2024-09-06T00:32:28.901+03:00  INFO 20008 --- [scheduling-1] c.e.Ecommerce.aspect.LoggingAspect       : Method isQueueEmpty completed successfully with result: true
2024-09-06T00:32:28.901+03:00  INFO 20008 --- [scheduling-1] c.e.Ecommerce.aspect.LoggingAspect       : Exiting method: isQueueEmpty
2024-09-06T00:32:28.901+03:00  INFO 20008 --- [scheduling-1] c.e.Ecommerce.aspect.LoggingAspect       : Method isQueueEmpty completed successfully in 1 ms with result: true
2024-09-06T00:33:03.900+03:00  INFO 20008 --- [scheduling-1] c.e.Ecommerce.aspect.LoggingAspect       : Entering method: isQueueEmpty
2024-09-06T00:33:03.901+03:00  INFO 20008 --- [scheduling-1] c.e.Ecommerce.aspect.LoggingAspect       : Method isQueueEmpty completed successfully with result: true
2024-09-06T00:33:03.901+03:00  INFO 20008 --- [scheduling-1] c.e.Ecommerce.aspect.LoggingAspect       : Exiting method: isQueueEmpty
2024-09-06T00:33:03.901+03:00  INFO 20008 --- [scheduling-1] c.e.Ecommerce.aspect.LoggingAspect       : Method isQueueEmpty completed successfully in 1 ms with result: true
2024-09-06T00:33:38.899+03:00  INFO 20008 --- [scheduling-1] c.e.Ecommerce.aspect.LoggingAspect       : Entering method: isQueueEmpty
2024-09-06T00:33:38.900+03:00  INFO 20008 --- [scheduling-1] c.e.Ecommerce.aspect.LoggingAspect       : Method isQueueEmpty completed successfully with result: true
2024-09-06T00:33:38.900+03:00  INFO 20008 --- [scheduling-1] c.e.Ecommerce.aspect.LoggingAspect       : Exiting method: isQueueEmpty
2024-09-06T00:33:38.900+03:00  INFO 20008 --- [scheduling-1] c.e.Ecommerce.aspect.LoggingAspect       : Method isQueueEmpty completed successfully in 1 ms with result: true
2024-09-06T00:34:13.900+03:00  INFO 20008 --- [scheduling-1] c.e.Ecommerce.aspect.LoggingAspect       : Entering method: isQueueEmpty
2024-09-06T00:34:13.900+03:00  INFO 20008 --- [scheduling-1] c.e.Ecommerce.aspect.LoggingAspect       : Method isQueueEmpty completed successfully with result: true
2024-09-06T00:34:13.900+03:00  INFO 20008 --- [scheduling-1] c.e.Ecommerce.aspect.LoggingAspect       : Exiting method: isQueueEmpty
2024-09-06T00:34:13.901+03:00  INFO 20008 --- [scheduling-1] c.e.Ecommerce.aspect.LoggingAspect       : Method isQueueEmpty completed successfully in 1 ms with result: true
2024-09-06T00:34:48.899+03:00  INFO 20008 --- [scheduling-1] c.e.Ecommerce.aspect.LoggingAspect       : Entering method: isQueueEmpty
2024-09-06T00:34:48.900+03:00  INFO 20008 --- [scheduling-1] c.e.Ecommerce.aspect.LoggingAspect       : Method isQueueEmpty completed successfully with result: true
2024-09-06T00:34:48.900+03:00  INFO 20008 --- [scheduling-1] c.e.Ecommerce.aspect.LoggingAspect       : Exiting method: isQueueEmpty
2024-09-06T00:34:48.902+03:00  INFO 20008 --- [scheduling-1] c.e.Ecommerce.aspect.LoggingAspect       : Method isQueueEmpty completed successfully in 3 ms with result: true
2024-09-06T00:35:23.898+03:00  INFO 20008 --- [scheduling-1] c.e.Ecommerce.aspect.LoggingAspect       : Entering method: isQueueEmpty
2024-09-06T00:35:23.898+03:00  INFO 20008 --- [scheduling-1] c.e.Ecommerce.aspect.LoggingAspect       : Method isQueueEmpty completed successfully with result: true
2024-09-06T00:35:23.898+03:00  INFO 20008 --- [scheduling-1] c.e.Ecommerce.aspect.LoggingAspect       : Exiting method: isQueueEmpty
2024-09-06T00:35:23.899+03:00  INFO 20008 --- [scheduling-1] c.e.Ecommerce.aspect.LoggingAspect       : Method isQueueEmpty completed successfully in 1 ms with result: true
2024-09-06T00:35:58.898+03:00  INFO 20008 --- [scheduling-1] c.e.Ecommerce.aspect.LoggingAspect       : Entering method: isQueueEmpty
2024-09-06T00:35:58.899+03:00  INFO 20008 --- [scheduling-1] c.e.Ecommerce.aspect.LoggingAspect       : Method isQueueEmpty completed successfully with result: true
2024-09-06T00:35:58.899+03:00  INFO 20008 --- [scheduling-1] c.e.Ecommerce.aspect.LoggingAspect       : Exiting method: isQueueEmpty
2024-09-06T00:35:58.899+03:00  INFO 20008 --- [scheduling-1] c.e.Ecommerce.aspect.LoggingAspect       : Method isQueueEmpty completed successfully in 1 ms with result: true
2024-09-06T00:36:33.898+03:00  INFO 20008 --- [scheduling-1] c.e.Ecommerce.aspect.LoggingAspect       : Entering method: isQueueEmpty
2024-09-06T00:36:33.898+03:00  INFO 20008 --- [scheduling-1] c.e.Ecommerce.aspect.LoggingAspect       : Method isQueueEmpty completed successfully with result: true
2024-09-06T00:36:33.898+03:00  INFO 20008 --- [scheduling-1] c.e.Ecommerce.aspect.LoggingAspect       : Exiting method: isQueueEmpty
2024-09-06T00:36:33.898+03:00  INFO 20008 --- [scheduling-1] c.e.Ecommerce.aspect.LoggingAspect       : Method isQueueEmpty completed successfully in 0 ms with result: true
2024-09-06T00:37:08.899+03:00  INFO 20008 --- [scheduling-1] c.e.Ecommerce.aspect.LoggingAspect       : Entering method: isQueueEmpty
2024-09-06T00:37:08.900+03:00  INFO 20008 --- [scheduling-1] c.e.Ecommerce.aspect.LoggingAspect       : Method isQueueEmpty completed successfully with result: true
2024-09-06T00:37:08.900+03:00  INFO 20008 --- [scheduling-1] c.e.Ecommerce.aspect.LoggingAspect       : Exiting method: isQueueEmpty
2024-09-06T00:37:08.900+03:00  INFO 20008 --- [scheduling-1] c.e.Ecommerce.aspect.LoggingAspect       : Method isQueueEmpty completed successfully in 1 ms with result: true
2024-09-06T00:37:43.899+03:00  INFO 20008 --- [scheduling-1] c.e.Ecommerce.aspect.LoggingAspect       : Entering method: isQueueEmpty
2024-09-06T00:37:43.899+03:00  INFO 20008 --- [scheduling-1] c.e.Ecommerce.aspect.LoggingAspect       : Method isQueueEmpty completed successfully with result: true
2024-09-06T00:37:43.899+03:00  INFO 20008 --- [scheduling-1] c.e.Ecommerce.aspect.LoggingAspect       : Exiting method: isQueueEmpty
2024-09-06T00:37:43.903+03:00  INFO 20008 --- [scheduling-1] c.e.Ecommerce.aspect.LoggingAspect       : Method isQueueEmpty completed successfully in 4 ms with result: true
2024-09-06T00:38:18.899+03:00  INFO 20008 --- [scheduling-1] c.e.Ecommerce.aspect.LoggingAspect       : Entering method: isQueueEmpty
2024-09-06T00:38:18.904+03:00  INFO 20008 --- [scheduling-1] c.e.Ecommerce.aspect.LoggingAspect       : Method isQueueEmpty completed successfully with result: true
2024-09-06T00:38:18.904+03:00  INFO 20008 --- [scheduling-1] c.e.Ecommerce.aspect.LoggingAspect       : Exiting method: isQueueEmpty
2024-09-06T00:38:18.905+03:00  INFO 20008 --- [scheduling-1] c.e.Ecommerce.aspect.LoggingAspect       : Method isQueueEmpty completed successfully in 6 ms with result: true
2024-09-06T00:38:53.899+03:00  INFO 20008 --- [scheduling-1] c.e.Ecommerce.aspect.LoggingAspect       : Entering method: isQueueEmpty
2024-09-06T00:38:53.899+03:00  INFO 20008 --- [scheduling-1] c.e.Ecommerce.aspect.LoggingAspect       : Method isQueueEmpty completed successfully with result: true
2024-09-06T00:38:53.899+03:00  INFO 20008 --- [scheduling-1] c.e.Ecommerce.aspect.LoggingAspect       : Exiting method: isQueueEmpty
2024-09-06T00:38:53.899+03:00  INFO 20008 --- [scheduling-1] c.e.Ecommerce.aspect.LoggingAspect       : Method isQueueEmpty completed successfully in 0 ms with result: true
2024-09-06T00:39:28.899+03:00  INFO 20008 --- [scheduling-1] c.e.Ecommerce.aspect.LoggingAspect       : Entering method: isQueueEmpty
2024-09-06T00:39:28.899+03:00  INFO 20008 --- [scheduling-1] c.e.Ecommerce.aspect.LoggingAspect       : Method isQueueEmpty completed successfully with result: true
2024-09-06T00:39:28.900+03:00  INFO 20008 --- [scheduling-1] c.e.Ecommerce.aspect.LoggingAspect       : Exiting method: isQueueEmpty
2024-09-06T00:39:28.900+03:00  INFO 20008 --- [scheduling-1] c.e.Ecommerce.aspect.LoggingAspect       : Method isQueueEmpty completed successfully in 1 ms with result: true
2024-09-06T00:40:03.900+03:00  INFO 20008 --- [scheduling-1] c.e.Ecommerce.aspect.LoggingAspect       : Entering method: isQueueEmpty
2024-09-06T00:40:03.901+03:00  INFO 20008 --- [scheduling-1] c.e.Ecommerce.aspect.LoggingAspect       : Method isQueueEmpty completed successfully with result: true
2024-09-06T00:40:03.901+03:00  INFO 20008 --- [scheduling-1] c.e.Ecommerce.aspect.LoggingAspect       : Exiting method: isQueueEmpty
2024-09-06T00:40:03.902+03:00  INFO 20008 --- [scheduling-1] c.e.Ecommerce.aspect.LoggingAspect       : Method isQueueEmpty completed successfully in 2 ms with result: true
2024-09-06T00:40:38.899+03:00  INFO 20008 --- [scheduling-1] c.e.Ecommerce.aspect.LoggingAspect       : Entering method: isQueueEmpty
2024-09-06T00:40:38.899+03:00  INFO 20008 --- [scheduling-1] c.e.Ecommerce.aspect.LoggingAspect       : Method isQueueEmpty completed successfully with result: true
2024-09-06T00:40:38.900+03:00  INFO 20008 --- [scheduling-1] c.e.Ecommerce.aspect.LoggingAspect       : Exiting method: isQueueEmpty
2024-09-06T00:40:38.900+03:00  INFO 20008 --- [scheduling-1] c.e.Ecommerce.aspect.LoggingAspect       : Method isQueueEmpty completed successfully in 1 ms with result: true
2024-09-06T00:41:13.899+03:00  INFO 20008 --- [scheduling-1] c.e.Ecommerce.aspect.LoggingAspect       : Entering method: isQueueEmpty
2024-09-06T00:41:13.899+03:00  INFO 20008 --- [scheduling-1] c.e.Ecommerce.aspect.LoggingAspect       : Method isQueueEmpty completed successfully with result: true
2024-09-06T00:41:13.903+03:00  INFO 20008 --- [scheduling-1] c.e.Ecommerce.aspect.LoggingAspect       : Exiting method: isQueueEmpty
2024-09-06T00:41:13.903+03:00  INFO 20008 --- [scheduling-1] c.e.Ecommerce.aspect.LoggingAspect       : Method isQueueEmpty completed successfully in 4 ms with result: true
2024-09-06T00:41:48.898+03:00  INFO 20008 --- [scheduling-1] c.e.Ecommerce.aspect.LoggingAspect       : Entering method: isQueueEmpty
2024-09-06T00:41:48.899+03:00  INFO 20008 --- [scheduling-1] c.e.Ecommerce.aspect.LoggingAspect       : Method isQueueEmpty completed successfully with result: true
2024-09-06T00:41:48.899+03:00  INFO 20008 --- [scheduling-1] c.e.Ecommerce.aspect.LoggingAspect       : Exiting method: isQueueEmpty
2024-09-06T00:41:48.899+03:00  INFO 20008 --- [scheduling-1] c.e.Ecommerce.aspect.LoggingAspect       : Method isQueueEmpty completed successfully in 1 ms with result: true
2024-09-06T00:42:23.900+03:00  INFO 20008 --- [scheduling-1] c.e.Ecommerce.aspect.LoggingAspect       : Entering method: isQueueEmpty
2024-09-06T00:42:23.900+03:00  INFO 20008 --- [scheduling-1] c.e.Ecommerce.aspect.LoggingAspect       : Method isQueueEmpty completed successfully with result: true
2024-09-06T00:42:23.900+03:00  INFO 20008 --- [scheduling-1] c.e.Ecommerce.aspect.LoggingAspect       : Exiting method: isQueueEmpty
2024-09-06T00:42:23.900+03:00  INFO 20008 --- [scheduling-1] c.e.Ecommerce.aspect.LoggingAspect       : Method isQueueEmpty completed successfully in 0 ms with result: true
2024-09-06T00:42:58.898+03:00  INFO 20008 --- [scheduling-1] c.e.Ecommerce.aspect.LoggingAspect       : Entering method: isQueueEmpty
2024-09-06T00:42:58.900+03:00  INFO 20008 --- [scheduling-1] c.e.Ecommerce.aspect.LoggingAspect       : Method isQueueEmpty completed successfully with result: true
2024-09-06T00:42:58.900+03:00  INFO 20008 --- [scheduling-1] c.e.Ecommerce.aspect.LoggingAspect       : Exiting method: isQueueEmpty
2024-09-06T00:42:58.900+03:00  INFO 20008 --- [scheduling-1] c.e.Ecommerce.aspect.LoggingAspect       : Method isQueueEmpty completed successfully in 2 ms with result: true
2024-09-06T00:43:33.899+03:00  INFO 20008 --- [scheduling-1] c.e.Ecommerce.aspect.LoggingAspect       : Entering method: isQueueEmpty
2024-09-06T00:43:33.900+03:00  INFO 20008 --- [scheduling-1] c.e.Ecommerce.aspect.LoggingAspect       : Method isQueueEmpty completed successfully with result: true
2024-09-06T00:43:33.900+03:00  INFO 20008 --- [scheduling-1] c.e.Ecommerce.aspect.LoggingAspect       : Exiting method: isQueueEmpty
2024-09-06T00:43:33.901+03:00  INFO 20008 --- [scheduling-1] c.e.Ecommerce.aspect.LoggingAspect       : Method isQueueEmpty completed successfully in 2 ms with result: true
2024-09-06T00:44:08.900+03:00  INFO 20008 --- [scheduling-1] c.e.Ecommerce.aspect.LoggingAspect       : Entering method: isQueueEmpty
2024-09-06T00:44:08.900+03:00  INFO 20008 --- [scheduling-1] c.e.Ecommerce.aspect.LoggingAspect       : Method isQueueEmpty completed successfully with result: true
2024-09-06T00:44:08.900+03:00  INFO 20008 --- [scheduling-1] c.e.Ecommerce.aspect.LoggingAspect       : Exiting method: isQueueEmpty
2024-09-06T00:44:08.900+03:00  INFO 20008 --- [scheduling-1] c.e.Ecommerce.aspect.LoggingAspect       : Method isQueueEmpty completed successfully in 0 ms with result: true
2024-09-06T00:44:43.939+03:00  INFO 20008 --- [scheduling-1] c.e.Ecommerce.aspect.LoggingAspect       : Entering method: isQueueEmpty
2024-09-06T00:44:43.939+03:00  INFO 20008 --- [scheduling-1] c.e.Ecommerce.aspect.LoggingAspect       : Method isQueueEmpty completed successfully with result: true
2024-09-06T00:44:43.941+03:00  INFO 20008 --- [scheduling-1] c.e.Ecommerce.aspect.LoggingAspect       : Exiting method: isQueueEmpty
2024-09-06T00:44:43.941+03:00  INFO 20008 --- [scheduling-1] c.e.Ecommerce.aspect.LoggingAspect       : Method isQueueEmpty completed successfully in 8 ms with result: true
